<?xml version="1.0" encoding="utf-8"?><testsuites name="pytest tests"><testsuite name="pytest" errors="0" failures="0" skipped="0" tests="22" time="2.051" timestamp="2026-04-24T06:54:17.341031+00:00" hostname="agent-env-cbd1fc68-8f6a-4f55-8474-3a425298133c"><testcase classname="backend.tests.backend_test.TestRoot" name="test_root_ok" time="0.245" /><testcase classname="backend.tests.backend_test.TestInquiries" name="test_create_inquiry_valid" time="0.053" /><testcase classname="backend.tests.backend_test.TestInquiries" name="test_create_missing_name" time="0.045" /><testcase classname="backend.tests.backend_test.TestInquiries" name="test_create_missing_phone" time="0.044" /><testcase classname="backend.tests.backend_test.TestInquiries" name="test_create_invalid_email" time="0.046" /><testcase classname="backend.tests.backend_test.TestInquiries" name="test_list_inquiries_contains_created" time="0.044" /><testcase classname="backend.tests.backend_test.TestInquiries" name="test_list_sorted_desc" time="0.187" /><testcase classname="backend.tests.backend_test.TestAppointments" name="test_create_appointment_valid" time="0.045" /><testcase classname="backend.tests.backend_test.TestAppointments" name="test_create_appt_missing_name" time="0.043" /><testcase classname="backend.tests.backend_test.TestAppointments" name="test_create_appt_missing_phone" time="0.045" /><testcase classname="backend.tests.backend_test.TestAppointments" name="test_create_appt_missing_date" time="0.045" /><testcase classname="backend.tests.backend_test.TestAppointments" name="test_create_appt_missing_slot" time="0.044" /><testcase classname="backend.tests.backend_test.TestAppointments" name="test_list_appointments_contains_created_no_objectid" time="0.044" /><testcase classname="backend.tests.backend_test.TestAppointments" name="test_list_appointments_sorted_desc" time="0.183" /><testcase classname="backend.tests.backend_test.TestAdminAuth" name="test_admin_login_success" time="0.045" /><testcase classname="backend.tests.backend_test.TestAdminAuth" name="test_admin_login_wrong_password" time="0.045" /><testcase classname="backend.tests.backend_test.TestAdminAuth" name="test_admin_inquiries_without_auth" time="0.103" /><testcase classname="backend.tests.backend_test.TestAdminAuth" name="test_admin_inquiries_wrong_token" time="0.107" /><testcase classname="backend.tests.backend_test.TestAdminAuth" name="test_admin_inquiries_with_auth" time="0.139" /><testcase classname="backend.tests.backend_test.TestAdminAuth" name="test_admin_appointments_without_auth" time="0.156" /><testcase classname="backend.tests.backend_test.TestAdminAuth" name="test_admin_appointments_wrong_token" time="0.128" /><testcase classname="backend.tests.backend_test.TestAdminAuth" name="test_admin_appointments_with_auth" time="0.116" /></testsuite></testsuites>