<?xml version="1.0" encoding="utf-8"?><testsuites name="pytest tests"><testsuite name="pytest" errors="0" failures="0" skipped="0" tests="7" time="0.871" timestamp="2026-04-24T06:32:39.252887+00:00" hostname="agent-env-cbd1fc68-8f6a-4f55-8474-3a425298133c"><testcase classname="backend.tests.backend_test.TestRoot" name="test_root_ok" time="0.250" /><testcase classname="backend.tests.backend_test.TestInquiries" name="test_create_inquiry_valid" time="0.059" /><testcase classname="backend.tests.backend_test.TestInquiries" name="test_create_missing_name" time="0.060" /><testcase classname="backend.tests.backend_test.TestInquiries" name="test_create_missing_phone" time="0.046" /><testcase classname="backend.tests.backend_test.TestInquiries" name="test_create_invalid_email" time="0.051" /><testcase classname="backend.tests.backend_test.TestInquiries" name="test_list_inquiries_contains_created" time="0.049" /><testcase classname="backend.tests.backend_test.TestInquiries" name="test_list_sorted_desc" time="0.200" /></testsuite></testsuites>